<?xml version="1.0" encoding="UTF-8"?>
<testsuite name="exe.demo.DemoApplicationTests" tests="1" skipped="0" failures="0" errors="0"
           timestamp="2019-02-16T13:25:08" hostname="Martins-MacBook-Pro-2.local" time="0.35">
    <properties/>
    <testcase name="contextLoads" classname="exe.demo.DemoApplicationTests" time="0.35"/>
    <system-out><![CDATA[15:24:49.363 [Test worker] DEBUG org.springframework.test.context.junit4.SpringJUnit4ClassRunner - SpringJUnit4ClassRunner constructor called with [class exe.demo.DemoApplicationTests]
15:24:49.374 [Test worker] DEBUG org.springframework.test.context.BootstrapUtils - Instantiating CacheAwareContextLoaderDelegate from class [org.springframework.test.context.cache.DefaultCacheAwareContextLoaderDelegate]
15:24:49.390 [Test worker] DEBUG org.springframework.test.context.BootstrapUtils - Instantiating BootstrapContext using constructor [public org.springframework.test.context.support.DefaultBootstrapContext(java.lang.Class,org.springframework.test.context.CacheAwareContextLoaderDelegate)]
15:24:49.448 [Test worker] DEBUG org.springframework.test.context.BootstrapUtils - Instantiating TestContextBootstrapper for test class [exe.demo.DemoApplicationTests] from class [org.springframework.boot.test.context.SpringBootTestContextBootstrapper]
15:24:49.475 [Test worker] INFO org.springframework.boot.test.context.SpringBootTestContextBootstrapper - Neither @ContextConfiguration nor @ContextHierarchy found for test class [exe.demo.DemoApplicationTests], using SpringBootContextLoader
15:24:49.495 [Test worker] DEBUG org.springframework.test.context.support.AbstractContextLoader - Did not detect default resource location for test class [exe.demo.DemoApplicationTests]: class path resource [exe/demo/DemoApplicationTests-context.xml] does not exist
15:24:49.507 [Test worker] DEBUG org.springframework.test.context.support.AbstractContextLoader - Did not detect default resource location for test class [exe.demo.DemoApplicationTests]: class path resource [exe/demo/DemoApplicationTestsContext.groovy] does not exist
15:24:49.512 [Test worker] INFO org.springframework.test.context.support.AbstractContextLoader - Could not detect default resource locations for test class [exe.demo.DemoApplicationTests]: no resource found for suffixes {-context.xml, Context.groovy}.
15:24:49.519 [Test worker] INFO org.springframework.test.context.support.AnnotationConfigContextLoaderUtils - Could not detect default configuration classes for test class [exe.demo.DemoApplicationTests]: DemoApplicationTests does not declare any static, non-private, non-final, nested classes annotated with @Configuration.
15:24:49.621 [Test worker] DEBUG org.springframework.test.context.support.ActiveProfilesUtils - Could not find an 'annotation declaring class' for annotation type [org.springframework.test.context.ActiveProfiles] and class [exe.demo.DemoApplicationTests]
15:24:49.816 [Test worker] DEBUG org.springframework.context.annotation.ClassPathScanningCandidateComponentProvider - Identified candidate component class: file [/Users/martingelev/TelerikJava/Spring/build/classes/java/main/exe/demo/DemoApplication.class]
15:24:49.818 [Test worker] INFO org.springframework.boot.test.context.SpringBootTestContextBootstrapper - Found @SpringBootConfiguration exe.demo.DemoApplication for test class exe.demo.DemoApplicationTests
15:24:50.030 [Test worker] DEBUG org.springframework.boot.test.context.SpringBootTestContextBootstrapper - @TestExecutionListeners is not present for class [exe.demo.DemoApplicationTests]: using defaults.
15:24:50.043 [Test worker] INFO org.springframework.boot.test.context.SpringBootTestContextBootstrapper - Loaded default TestExecutionListener class names from location [META-INF/spring.factories]: [org.springframework.boot.test.autoconfigure.restdocs.RestDocsTestExecutionListener, org.springframework.boot.test.autoconfigure.web.client.MockRestServiceServerResetTestExecutionListener, org.springframework.boot.test.autoconfigure.web.servlet.MockMvcPrintOnlyOnFailureTestExecutionListener, org.springframework.boot.test.autoconfigure.web.servlet.WebDriverTestExecutionListener, org.springframework.boot.test.mock.mockito.MockitoTestExecutionListener, org.springframework.boot.test.mock.mockito.ResetMocksTestExecutionListener, org.springframework.test.context.web.ServletTestExecutionListener, org.springframework.test.context.support.DirtiesContextBeforeModesTestExecutionListener, org.springframework.test.context.support.DependencyInjectionTestExecutionListener, org.springframework.test.context.support.DirtiesContextTestExecutionListener, org.springframework.test.context.transaction.TransactionalTestExecutionListener, org.springframework.test.context.jdbc.SqlScriptsTestExecutionListener]
15:24:50.077 [Test worker] DEBUG org.springframework.boot.test.context.SpringBootTestContextBootstrapper - Skipping candidate TestExecutionListener [org.springframework.test.context.transaction.TransactionalTestExecutionListener] due to a missing dependency. Specify custom listener classes or make the default listener classes and their required dependencies available. Offending class: [org/springframework/transaction/interceptor/TransactionAttributeSource]
15:24:50.078 [Test worker] DEBUG org.springframework.boot.test.context.SpringBootTestContextBootstrapper - Skipping candidate TestExecutionListener [org.springframework.test.context.jdbc.SqlScriptsTestExecutionListener] due to a missing dependency. Specify custom listener classes or make the default listener classes and their required dependencies available. Offending class: [org/springframework/transaction/interceptor/TransactionAttribute]
15:24:50.079 [Test worker] INFO org.springframework.boot.test.context.SpringBootTestContextBootstrapper - Using TestExecutionListeners: [org.springframework.test.context.web.ServletTestExecutionListener@c7bf7e, org.springframework.test.context.support.DirtiesContextBeforeModesTestExecutionListener@359d6b39, org.springframework.boot.test.mock.mockito.MockitoTestExecutionListener@396e0bae, org.springframework.boot.test.autoconfigure.SpringBootDependencyInjectionTestExecutionListener@5e4f874a, org.springframework.test.context.support.DirtiesContextTestExecutionListener@634eefb2, org.springframework.boot.test.autoconfigure.restdocs.RestDocsTestExecutionListener@3d549441, org.springframework.boot.test.autoconfigure.web.client.MockRestServiceServerResetTestExecutionListener@742edb3e, org.springframework.boot.test.autoconfigure.web.servlet.MockMvcPrintOnlyOnFailureTestExecutionListener@56f97726, org.springframework.boot.test.autoconfigure.web.servlet.WebDriverTestExecutionListener@425e2134, org.springframework.boot.test.mock.mockito.ResetMocksTestExecutionListener@5b3143a2]
15:24:50.086 [Test worker] DEBUG org.springframework.test.annotation.ProfileValueUtils - Retrieved @ProfileValueSourceConfiguration [null] for test class [exe.demo.DemoApplicationTests]
15:24:50.086 [Test worker] DEBUG org.springframework.test.annotation.ProfileValueUtils - Retrieved ProfileValueSource type [class org.springframework.test.annotation.SystemProfileValueSource] for class [exe.demo.DemoApplicationTests]
15:24:50.093 [Test worker] DEBUG org.springframework.test.annotation.ProfileValueUtils - Retrieved @ProfileValueSourceConfiguration [null] for test class [exe.demo.DemoApplicationTests]
15:24:50.094 [Test worker] DEBUG org.springframework.test.annotation.ProfileValueUtils - Retrieved ProfileValueSource type [class org.springframework.test.annotation.SystemProfileValueSource] for class [exe.demo.DemoApplicationTests]
15:24:50.096 [Test worker] DEBUG org.springframework.test.annotation.ProfileValueUtils - Retrieved @ProfileValueSourceConfiguration [null] for test class [exe.demo.DemoApplicationTests]
15:24:50.106 [Test worker] DEBUG org.springframework.test.annotation.ProfileValueUtils - Retrieved ProfileValueSource type [class org.springframework.test.annotation.SystemProfileValueSource] for class [exe.demo.DemoApplicationTests]
15:24:50.118 [Test worker] DEBUG org.springframework.test.context.support.AbstractDirtiesContextTestExecutionListener - Before test class: context [DefaultTestContext@3407d81c testClass = DemoApplicationTests, testInstance = [null], testMethod = [null], testException = [null], mergedContextConfiguration = [WebMergedContextConfiguration@29d34884 testClass = DemoApplicationTests, locations = '{}', classes = '{class exe.demo.DemoApplication}', contextInitializerClasses = '[]', activeProfiles = '{}', propertySourceLocations = '{}', propertySourceProperties = '{org.springframework.boot.test.context.SpringBootTestContextBootstrapper=true}', contextCustomizers = set[org.springframework.boot.test.autoconfigure.properties.PropertyMappingContextCustomizer@0, org.springframework.boot.test.autoconfigure.web.servlet.WebDriverContextCustomizerFactory$Customizer@f0315bf, org.springframework.boot.test.context.filter.ExcludeFilterContextCustomizer@7861b445, org.springframework.boot.test.json.DuplicateJsonObjectContextCustomizerFactory$DuplicateJsonObjectContextCustomizer@5ab3e3ff, org.springframework.boot.test.mock.mockito.MockitoContextCustomizer@0, org.springframework.boot.test.web.client.TestRestTemplateContextCustomizer@640d12a], resourceBasePath = 'src/main/webapp', contextLoader = 'org.springframework.boot.test.context.SpringBootContextLoader', parent = [null]], attributes = map['org.springframework.test.context.web.ServletTestExecutionListener.activateListener' -> true]], class annotated with @DirtiesContext [false] with mode [null].
15:24:50.124 [Test worker] DEBUG org.springframework.test.annotation.ProfileValueUtils - Retrieved @ProfileValueSourceConfiguration [null] for test class [exe.demo.DemoApplicationTests]
15:24:50.129 [Test worker] DEBUG org.springframework.test.annotation.ProfileValueUtils - Retrieved ProfileValueSource type [class org.springframework.test.annotation.SystemProfileValueSource] for class [exe.demo.DemoApplicationTests]
15:24:50.218 [Test worker] DEBUG org.springframework.test.context.support.TestPropertySourceUtils - Adding inlined properties to environment: {spring.jmx.enabled=false, org.springframework.boot.test.context.SpringBootTestContextBootstrapper=true, server.port=-1}

  .   ____          _            __ _ _
 /\\ / ___'_ __ _ _(_)_ __  __ _ \ \ \ \
( ( )\___ | '_ | '_| | '_ \/ _` | \ \ \ \
 \\/  ___)| |_)| | | | | || (_| |  ) ) ) )
  '  |____| .__|_| |_|_| |_\__, | / / / /
 =========|_|==============|___/=/_/_/_/
 :: Spring Boot ::        (v2.1.2.RELEASE)

2019-02-16 15:25:06.041  INFO 15954 --- [    Test worker] exe.demo.DemoApplicationTests            : Starting DemoApplicationTests on Martins-MacBook-Pro-2.local with PID 15954 (started by martingelev in /Users/martingelev/TelerikJava/Spring)
2019-02-16 15:25:06.042  INFO 15954 --- [    Test worker] exe.demo.DemoApplicationTests            : No active profile set, falling back to default profiles: default
2019-02-16 15:25:07.752  INFO 15954 --- [    Test worker] o.s.s.concurrent.ThreadPoolTaskExecutor  : Initializing ExecutorService 'applicationTaskExecutor'
2019-02-16 15:25:08.142  INFO 15954 --- [    Test worker] exe.demo.DemoApplicationTests            : Started DemoApplicationTests in 17.832 seconds (JVM running for 19.739)
]]></system-out>
    <system-err><![CDATA[]]></system-err>
</testsuite>
